<?xml version="1.0" encoding="UTF-8"?>
<testng-results ignored="0" total="3" passed="3" failed="0" skipped="0">
  <reporter-output>
  </reporter-output>
  <suite started-at="2026-01-21T22:39:07 IST" name="Suite" finished-at="2026-01-21T22:39:25 IST" duration-ms="17366">
    <groups>
    </groups>
    <test started-at="2026-01-21T22:39:07 IST" name="Test" finished-at="2026-01-21T22:39:25 IST" duration-ms="17366">
      <class name="basics.Multipleclass">
        <test-method signature="dropdown()[pri:2, instance:basics.Multipleclass@385c9627]" started-at="2026-01-21T22:39:24 IST" name="dropdown" finished-at="2026-01-21T22:39:25 IST" duration-ms="734" status="PASS">
          <reporter-output>
          </reporter-output>
        </test-method> <!-- dropdown -->
      </class> <!-- basics.Multipleclass -->
      <class name="basics.BaseTest">
        <test-method is-config="true" signature="setup()[pri:0, instance:basics.BaseTest@5aa9e4eb]" started-at="2026-01-21T22:39:04 IST" name="setup" finished-at="2026-01-21T22:39:07 IST" duration-ms="3566" status="PASS">
          <reporter-output>
          </reporter-output>
        </test-method> <!-- setup -->
      </class> <!-- basics.BaseTest -->
      <class name="basics.Mouseactions">
        <test-method signature="Test2()[pri:3, instance:basics.Mouseactions@6989da5e]" started-at="2026-01-21T22:39:15 IST" name="Test2" finished-at="2026-01-21T22:39:24 IST" duration-ms="9115" status="PASS">
          <reporter-output>
          </reporter-output>
        </test-method> <!-- Test2 -->
        <test-method is-config="true" signature="exit()[pri:0, instance:basics.Mouseactions@6989da5e]" started-at="2026-01-21T22:39:25 IST" name="exit" finished-at="2026-01-21T22:39:26 IST" duration-ms="1040" status="PASS">
          <reporter-output>
          </reporter-output>
        </test-method> <!-- exit -->
      </class> <!-- basics.Mouseactions -->
      <class name="basics.Keys">
        <test-method signature="keys()[pri:1, instance:basics.Keys@77888435]" started-at="2026-01-21T22:39:07 IST" name="keys" finished-at="2026-01-21T22:39:15 IST" duration-ms="7470" status="PASS">
          <reporter-output>
          </reporter-output>
        </test-method> <!-- keys -->
      </class> <!-- basics.Keys -->
    </test> <!-- Test -->
  </suite> <!-- Suite -->
</testng-results>
