<?xml version="1.0" encoding="UTF-8"?>
<!-- Generated by org.testng.reporters.JUnitXMLReporter -->
<testsuite ignored="2" hostname="saroja" failures="0" tests="3" name="Test" time="17.366" errors="0" timestamp="2026-01-21T22:39:25 IST">
  <testcase classname="basics.Keys" name="keys" time="7.47"/>
  <testcase classname="basics.Mouseactions" name="Test2" time="9.115"/>
  <testcase classname="basics.Multipleclass" name="dropdown" time="0.734"/>
  <testcase classname="basics.BaseTest" name="@BeforeSuite setup" time="0.0">
    <ignored/>
  </testcase> <!-- @BeforeSuite setup -->
  <testcase classname="basics.BaseTest" name="@BeforeSuite setup" time="0.0">
    <ignored/>
  </testcase> <!-- @BeforeSuite setup -->
</testsuite> <!-- Test -->
